  Light.cpp
C:\Users\Jeffx\Desktop\Jeff\Programming\C++ Projects\OpenGL Projects\Dependencies\GLFW\include\GLFW\glfw3.h(103,10): fatal  error C1083: Cannot open include file: 'stddef.h': No such file or directory
  Keyboard.cpp
C:\Users\Jeffx\Desktop\Jeff\Programming\C++ Projects\OpenGL Projects\Dependencies\GLFW\include\GLFW\glfw3.h(103,10): fatal  error C1083: Cannot open include file: 'stddef.h': No such file or directory
  Scene.cpp
C:\Users\Jeffx\Desktop\Jeff\Programming\C++ Projects\OpenGL Projects\Dependencies\GLFW\include\GLFW\glfw3.h(103,10): fatal  error C1083: Cannot open include file: 'stddef.h': No such file or directory
  Mouse.cpp
C:\Users\Jeffx\Desktop\Jeff\Programming\C++ Projects\OpenGL Projects\Dependencies\GLFW\include\GLFW\glfw3.h(103,10): fatal  error C1083: Cannot open include file: 'stddef.h': No such file or directory
  Cubemap.cpp
C:\Program Files\Microsoft Visual Studio\2022\Community\VC\Tools\MSVC\14.33.31629\include\yvals.h(12,10): fatal  error C1083: Cannot open include file: 'crtdbg.h': No such file or directory
  Model.cpp
C:\Users\Jeffx\Desktop\Jeff\Programming\C++ Projects\OpenGL Projects\Dependencies\GLFW\include\GLFW\glfw3.h(103,10): fatal  error C1083: Cannot open include file: 'stddef.h': No such file or directory
  Mesh.cpp
C:\Program Files\Microsoft Visual Studio\2022\Community\VC\Tools\MSVC\14.33.31629\include\yvals.h(12,10): fatal  error C1083: Cannot open include file: 'crtdbg.h': No such file or directory
  main.cpp
C:\Users\Jeffx\Desktop\Jeff\Programming\C++ Projects\OpenGL Projects\Dependencies\GLFW\include\GLFW\glfw3.h(103,10): fatal  error C1083: Cannot open include file: 'stddef.h': No such file or directory
  Camera.cpp
C:\Users\Jeffx\Desktop\Jeff\Programming\C++ Projects\OpenGL Projects\Dependencies\GLFW\include\GLFW\glfw3.h(103,10): fatal  error C1083: Cannot open include file: 'stddef.h': No such file or directory
  Shader.cpp
C:\Program Files\Microsoft Visual Studio\2022\Community\VC\Tools\MSVC\14.33.31629\include\yvals.h(12,10): fatal  error C1083: Cannot open include file: 'crtdbg.h': No such file or directory
  GLmemory.cpp
C:\Program Files\Microsoft Visual Studio\2022\Community\VC\Tools\MSVC\14.33.31629\include\yvals.h(12,10): fatal  error C1083: Cannot open include file: 'crtdbg.h': No such file or directory
  stb_image.cpp
C:\Users\Jeffx\Desktop\Jeff\Programming\C++ Projects\OpenGL Projects\OpenGL Fun\res\stb_image\stb_image.h(307,10): fatal  error C1083: Cannot open include file: 'stdio.h': No such file or directory
  Transformable.cpp
C:\Program Files\Microsoft Visual Studio\2022\Community\VC\Tools\MSVC\14.33.31629\include\yvals.h(12,10): fatal  error C1083: Cannot open include file: 'crtdbg.h': No such file or directory
  utility.cpp
C:\Program Files\Microsoft Visual Studio\2022\Community\VC\Tools\MSVC\14.33.31629\include\yvals.h(12,10): fatal  error C1083: Cannot open include file: 'crtdbg.h': No such file or directory
